<?xml version="1.0" encoding="UTF-8"?>
<testng-results skipped="0" failed="0" total="1" passed="1">
  <reporter-output>
  </reporter-output>
  <suite name="Suite" duration-ms="10977" started-at="2023-12-19T09:44:51Z" finished-at="2023-12-19T09:45:02Z">
    <groups>
    </groups>
    <test name="Test" duration-ms="10977" started-at="2023-12-19T09:44:51Z" finished-at="2023-12-19T09:45:02Z">
      <class name="Demo1.NewTest">
        <test-method status="PASS" signature="openBrowser()[pri:0, instance:Demo1.NewTest@66a3ffec]" name="openBrowser" is-config="true" duration-ms="9140" started-at="2023-12-19T15:14:51Z" finished-at="2023-12-19T15:15:01Z">
          <reporter-output>
          </reporter-output>
        </test-method> <!-- openBrowser -->
        <test-method status="PASS" signature="inputFields()[pri:0, instance:Demo1.NewTest@66a3ffec]" name="inputFields" duration-ms="1829" started-at="2023-12-19T15:15:01Z" finished-at="2023-12-19T15:15:02Z">
          <reporter-output>
          </reporter-output>
        </test-method> <!-- inputFields -->
      </class> <!-- Demo1.NewTest -->
    </test> <!-- Test -->
  </suite> <!-- Suite -->
</testng-results>
