<?xml version="1.0" encoding="UTF-8"?>
<testsuite xmlns:xsi="http://www.w3.org/2001/XMLSchema-instance" xsi:noNamespaceSchemaLocation="https://maven.apache.org/surefire/maven-surefire-plugin/xsd/surefire-test-report-3.0.xsd" version="3.0" name="TestSuite" time="11.569" tests="1" errors="0" skipped="0" failures="0">
  <properties>
[...]
</properties>
  <testcase name="inputFields" classname="Demo1.NewTest" time="1.828">
    <system-err><![CDATA[1702979092858	geckodriver	INFO	Listening on 127.0.0.1:6583
1702979093393	mozrunner::runner	INFO	Running command: "C:\\Program Files\\Mozilla Firefox\\firefox.exe" "--marionette" "-no-remote" "-profile" "C:\\Users\\LOKESH~1\\AppData\\Local\\Temp\\rust_mozprofileGp1lb0"
console.warn: services.settings: Ignoring preference override of remote settings server
console.warn: services.settings: Allow by setting MOZ_REMOTE_SETTINGS_DEVTOOLS=1 in the environment
1702979094008	Marionette	INFO	Marionette enabled
Dynamically enable window occlusion 0
1702979094179	Marionette	INFO	Listening on port 49587
Read port: 49587
1702979094466	RemoteAgent	WARN	TLS certificate errors will be ignored for this session
Dec 19, 2023 3:14:56 PM org.openqa.selenium.remote.ProtocolHandshake createSession
INFO: Detected dialect: W3C
JavaScript error: resource://gre/modules/XULStore.sys.mjs, line 60: Error: Can't find profile directory.
]]></system-err>
  </testcase>
</testsuite>