<?xml version="1.0" encoding="UTF-8"?>
<testng-results skipped="0" failed="0" ignored="0" total="1" passed="1">
  <reporter-output>
  </reporter-output>
  <suite name="Default suite" duration-ms="12568" started-at="2023-12-19T08:26:21Z" finished-at="2023-12-19T08:26:33Z">
    <groups>
    </groups>
    <test name="Default test" duration-ms="12568" started-at="2023-12-19T08:26:21Z" finished-at="2023-12-19T08:26:33Z">
      <class name="Demo1.NewTest">
        <test-method status="PASS" signature="openBrowser()[pri:0, instance:Demo1.NewTest@51565ec2]" name="openBrowser" is-config="true" duration-ms="10717" started-at="2023-12-19T13:56:21Z" finished-at="2023-12-19T13:56:31Z">
          <reporter-output>
          </reporter-output>
        </test-method> <!-- openBrowser -->
        <test-method status="PASS" signature="inputFields()[pri:0, instance:Demo1.NewTest@51565ec2]" name="inputFields" duration-ms="1825" started-at="2023-12-19T13:56:31Z" finished-at="2023-12-19T13:56:33Z">
          <reporter-output>
          </reporter-output>
        </test-method> <!-- inputFields -->
      </class> <!-- Demo1.NewTest -->
    </test> <!-- Default test -->
  </suite> <!-- Default suite -->
</testng-results>
